<?xml version="1.0" encoding="UTF-8"?>
<!-- Generated by org.testng.reporters.JUnitXMLReporter -->
<testsuite ignored="0" hostname="DESKTOP-O7S1KJB" failures="0" tests="4" name="Default test" time="17.138" errors="0" timestamp="2023-08-01T12:21:49 IST">
  <testcase classname="api.test.UserTests" name="testPostUser" time="6.676"/>
  <testcase classname="api.test.UserTests" name="testGetUserByName" time="3.207"/>
  <testcase classname="api.test.UserTests" name="testUpdateUserByName" time="3.831"/>
  <testcase classname="api.test.UserTests" name="testDeleteUserByName" time="1.612"/>
</testsuite> <!-- Default test -->
