<?xml version="1.0" encoding="UTF-8"?>
<testng-results ignored="0" total="4" passed="4" failed="0" skipped="0">
  <reporter-output>
  </reporter-output>
  <suite started-at="2023-08-01T12:21:32 IST" name="Default suite" finished-at="2023-08-01T12:21:49 IST" duration-ms="17138">
    <groups>
    </groups>
    <test started-at="2023-08-01T12:21:32 IST" name="Default test" finished-at="2023-08-01T12:21:49 IST" duration-ms="17138">
      <class name="api.test.UserTests">
        <test-method is-config="true" signature="Setup()[pri:0, instance:api.test.UserTests@36bc55de]" started-at="2023-08-01T12:21:32 IST" name="Setup" finished-at="2023-08-01T12:21:33 IST" duration-ms="1716" status="PASS">
          <reporter-output>
          </reporter-output>
        </test-method> <!-- Setup -->
        <test-method signature="testPostUser()[pri:1, instance:api.test.UserTests@36bc55de]" started-at="2023-08-01T12:21:33 IST" name="testPostUser" finished-at="2023-08-01T12:21:40 IST" duration-ms="6676" status="PASS">
          <reporter-output>
          </reporter-output>
        </test-method> <!-- testPostUser -->
        <test-method signature="testGetUserByName()[pri:2, instance:api.test.UserTests@36bc55de]" started-at="2023-08-01T12:21:40 IST" name="testGetUserByName" finished-at="2023-08-01T12:21:43 IST" duration-ms="3207" status="PASS">
          <reporter-output>
          </reporter-output>
        </test-method> <!-- testGetUserByName -->
        <test-method signature="testUpdateUserByName()[pri:3, instance:api.test.UserTests@36bc55de]" started-at="2023-08-01T12:21:43 IST" name="testUpdateUserByName" finished-at="2023-08-01T12:21:47 IST" duration-ms="3831" status="PASS">
          <reporter-output>
          </reporter-output>
        </test-method> <!-- testUpdateUserByName -->
        <test-method signature="testDeleteUserByName()[pri:4, instance:api.test.UserTests@36bc55de]" started-at="2023-08-01T12:21:47 IST" name="testDeleteUserByName" finished-at="2023-08-01T12:21:49 IST" duration-ms="1612" status="PASS">
          <reporter-output>
          </reporter-output>
        </test-method> <!-- testDeleteUserByName -->
      </class> <!-- api.test.UserTests -->
    </test> <!-- Default test -->
  </suite> <!-- Default suite -->
</testng-results>
